<?xml version="1.0" encoding="UTF-8"?>
<!-- Generated by org.testng.reporters.JUnitXMLReporter -->
<testsuite ignored="0" hostname="DESKTOP-UAF0L72" failures="0" tests="3" name="Test" time="26.656" errors="0" timestamp="04 May 2019 14:07:44 GMT">
  <testcase classname="Academy.HomePageTest" name="basePageNavigation" time="9.74"/>
  <testcase classname="Academy.HomePageTest" name="basePageNavigation" time="4.259"/>
  <testcase classname="Academy.LoginPageTest" name="basePageNavigation" time="0.061"/>
</testsuite> <!-- Test -->
